<?xml version="1.0" encoding="UTF-8"?>
<!-- Generated by org.testng.reporters.JUnitReportReporter -->
<testsuite hostname="user27" failures="0" tests="1" name="Testscripts.ToolTipTest" time="26.743" errors="0" timestamp="2024-11-06T11:05:03 IST" skipped="0">
  <testcase classname="Testscripts.ToolTipTest" name="TestToolIframe" time="26.743"/>
  <system-out/>
</testsuite> <!-- Testscripts.ToolTipTest -->
