<?xml version="1.0" encoding="UTF-8"?>
<!-- Generated by org.testng.reporters.JUnitReportReporter -->
<testsuite hostname="user27" failures="0" tests="1" name="Testscripts.NewTestIframe" time="8.752" errors="0" timestamp="2024-11-06T10:46:45 IST" skipped="0">
  <testcase classname="Testscripts.NewTestIframe" name="Iframetest" time="8.752"/>
  <system-out/>
</testsuite> <!-- Testscripts.NewTestIframe -->
