<?xml version="1.0" encoding="UTF-8"?>
<!-- Generated by org.testng.reporters.JUnitReportReporter -->
<testsuite hostname="user27" failures="0" tests="1" name="Testscripts.WebTable" time="6.392" errors="0" timestamp="2024-11-04T10:39:37 IST" skipped="0">
  <testcase classname="Testscripts.WebTable" name="TestTable" time="6.392"/>
  <system-out/>
</testsuite> <!-- Testscripts.WebTable -->
