<?xml version="1.0" encoding="UTF-8"?>
<!-- Generated by org.testng.reporters.JUnitReportReporter -->
<testsuite hostname="user27" failures="0" tests="1" name="Testscripts.NewTest" time="8.315" errors="0" timestamp="2024-10-30T09:46:34 IST" skipped="0">
  <testcase classname="Testscripts.NewTest" name="LoginTest" time="8.315"/>
  <system-out/>
</testsuite> <!-- Testscripts.NewTest -->
