<?xml version="1.0" encoding="UTF-8"?>
<!-- Generated by org.testng.reporters.JUnitReportReporter -->
<testsuite hostname="user27" failures="0" tests="1" name="Testscripts.Fileupload" time="5.487" errors="0" timestamp="2024-11-05T11:04:38 IST" skipped="0">
  <testcase classname="Testscripts.Fileupload" name="Fileadd" time="5.487"/>
  <system-out/>
</testsuite> <!-- Testscripts.Fileupload -->
