<?xml version="1.0" encoding="UTF-8"?>
<!-- Generated by org.testng.reporters.JUnitReportReporter -->
<testsuite hostname="user27" failures="0" tests="1" name="Testscripts.WebTable" time="8.682" errors="0" timestamp="2024-10-30T10:37:29 IST" skipped="0">
  <testcase classname="Testscripts.WebTable" name="TestTable" time="8.682"/>
  <system-out/>
</testsuite> <!-- Testscripts.WebTable -->
